<?xml version="1.0" encoding="UTF-8"?>
<!-- Generated by org.testng.reporters.JUnitReportReporter -->
<testsuite hostname="EddyPooh" name="frontEndBackage.serviceTest" tests="25" failures="0" timestamp="11 May 2015 00:44:14 GMT" time="0.553" errors="0">
  <testcase name="searchFriend" time="0.017" classname="frontEndBackage.serviceTest"/>
  <testcase name="createPage" time="0.016" classname="frontEndBackage.serviceTest"/>
  <testcase name="sendRequest" time="0.018" classname="frontEndBackage.serviceTest"/>
  <testcase name="showNewMsg" time="0.020" classname="frontEndBackage.serviceTest"/>
  <testcase name="acceptRq" time="0.032" classname="frontEndBackage.serviceTest"/>
  <testcase name="showNewMsg" time="0.017" classname="frontEndBackage.serviceTest"/>
  <testcase name="acceptRq" time="0.039" classname="frontEndBackage.serviceTest"/>
  <testcase name="registrationService" time="0.019" classname="frontEndBackage.serviceTest"/>
  <testcase name="checkRq" time="0.023" classname="frontEndBackage.serviceTest"/>
  <testcase name="createpost" time="0.022" classname="frontEndBackage.serviceTest"/>
  <testcase name="LoginService" time="0.039" classname="frontEndBackage.serviceTest"/>
  <testcase name="searchPage" time="0.016" classname="frontEndBackage.serviceTest"/>
  <testcase name="sendMsg" time="0.020" classname="frontEndBackage.serviceTest"/>
  <testcase name="LoginService" time="0.020" classname="frontEndBackage.serviceTest"/>
  <testcase name="createpost" time="0.016" classname="frontEndBackage.serviceTest"/>
  <testcase name="checkRq" time="0.017" classname="frontEndBackage.serviceTest"/>
  <testcase name="likePageService" time="0.016" classname="frontEndBackage.serviceTest"/>
  <testcase name="showAllMsg" time="0.038" classname="frontEndBackage.serviceTest"/>
  <testcase name="showAllMsg" time="0.027" classname="frontEndBackage.serviceTest"/>
  <testcase name="createPage" time="0.022" classname="frontEndBackage.serviceTest"/>
  <testcase name="searchPage" time="0.020" classname="frontEndBackage.serviceTest"/>
  <testcase name="sendMsg" time="0.020" classname="frontEndBackage.serviceTest"/>
  <testcase name="likePageService" time="0.019" classname="frontEndBackage.serviceTest"/>
  <testcase name="registrationService" time="0.020" classname="frontEndBackage.serviceTest"/>
  <testcase name="searchFriend" time="0.020" classname="frontEndBackage.serviceTest"/>
</testsuite> <!-- frontEndBackage.serviceTest -->
