<?xml version="1.0" encoding="UTF-8"?>
<!-- Generated by org.testng.reporters.JUnitReportReporter -->
<testsuite hostname="EddyPooh" name="backEndTestBackage.UserEntityTest" tests="2" failures="0" timestamp="11 May 2015 00:44:14 GMT" time="0.433" errors="0">
  <testcase name="checkRequest" time="0.428" classname="backEndTestBackage.UserEntityTest"/>
  <testcase name="checkRequest" time="0.005" classname="backEndTestBackage.UserEntityTest"/>
</testsuite> <!-- backEndTestBackage.UserEntityTest -->
